[2025-11-30 16:31:50]::[INFO]::Usuario logueado exitosamente  {"service":"backend-base","userId":"cmijcco5s0000four2fpel2bi","action":"LOGIN","email":"qa@lsv-tech.com","userIp":"127.0.0.1"}
[2025-11-30 16:32:15]::[INFO]::Usuario logueado exitosamente::{"service":"backend-base","userId":"cmijcco5s0000four2fpel2bi","action":"LOGIN","email":"qa@lsv-tech.com","userIp":"127.0.0.1"}
[2025-11-30 16:32:22]::[INFO]::Usuario logueado exitosamente::{"service":"backend-base","userId":"cmijcco5s0000four2fpel2bi","action":"LOGIN","email":"qa@lsv-tech.com","userIp":"127.0.0.1"}
[2025-11-30 16:35:17]::[INFO]::USUARIO LOGUEADO EXITOSAMENTE::{"SERVICE":"BACKEND-BASE","USERID":"CMIJCCO5S0000FOUR2FPEL2BI","ACTION":"LOGIN","EMAIL":"QA@LSV-TECH.COM","USERIP":"127.0.0.1"}
[2025-11-30 16:35:32]::[INFO]::USUARIO LOGUEADO EXITOSAMENTE::{"SERVICE":"BACKEND-BASE","USERID":"CMIJCCO5S0000FOUR2FPEL2BI","ACTION":"LOGIN","EMAIL":"QA@LSV-TECH.COM","USERIP":"127.0.0.1"}
[2025-11-30 16:36:08]::[info]::Usuario logueado exitosamente::{"service":"backend-base","userId":"cmijcco5s0000four2fpel2bi","action":"LOGIN","email":"qa@lsv-tech.com","userIp":"127.0.0.1"}
[2025-11-30 16:37:20]::[info]::Usuario logueado exitosamente::{"service":"backend-base","userId":"cmijcco5s0000four2fpel2bi","action":"LOGIN","email":"qa@lsv-tech.com","userIp":"127.0.0.1"}
[2025-11-30 16:38:12]::[info]::Usuario logueado exitosamente::[{"service":"backend-base","userId":"cmijcco5s0000four2fpel2bi","action":"LOGIN","email":"qa@lsv-tech.com","userIp":"127.0.0.1"}]
[2025-11-30 16:38:27]::[info]::[Usuario logueado exitosamente]::[{"service":"backend-base","userId":"cmijcco5s0000four2fpel2bi","action":"LOGIN","email":"qa@lsv-tech.com","userIp":"127.0.0.1"}]
[2025-11-30 16:38:50]::[INFO]::[Usuario logueado exitosamente]::[{"service":"backend-base","userId":"cmijcco5s0000four2fpel2bi","action":"LOGIN","email":"qa@lsv-tech.com","userIp":"127.0.0.1"}]
[2025-11-30 16:39:02]::[info]::[Usuario logueado exitosamente]::[{"service":"backend-base","userId":"cmijcco5s0000four2fpel2bi","action":"LOGIN","email":"qa@lsv-tech.com","userIp":"127.0.0.1"}]
[2025-11-30 16:43:19]::[error]::[Error global no manejado]::[{"service":"backend-base","error":"action is not defined","url":"/api/v1/logs/audit-logs","method":"GET","userId":"cmijcco5s0000four2fpel2bi"}]::[
ReferenceError: action is not defined
    at getAuditLogs (file:///D:/PROYECTOS-PERSONALES/Back-Base-NodeJS/src/controllers/audit.controller.js:160:13)
    at process.processTicksAndRejections (node:internal/process/task_queues:105:5)]
[2025-11-30 16:44:44]::[error]::[Error global no manejado]::[{"service":"backend-base","error":"action is not defined","url":"/api/v1/logs/audit-logs","method":"GET","userId":"cmijcco5s0000four2fpel2bi"}]::[
ReferenceError: action is not defined
    at getAuditLogs (file:///D:/PROYECTOS-PERSONALES/Back-Base-NodeJS/src/controllers/audit.controller.js:160:13)
    at process.processTicksAndRejections (node:internal/process/task_queues:105:5)]
[2025-11-30 16:45:18]::[error]::[Error global no manejado]::[{"service":"backend-base","error":"action is not defined","url":"/api/v1/logs/audit-logs","method":"GET","userId":"cmijcco5s0000four2fpel2bi"}]::[
ReferenceError: action is not defined
    at getAuditLogs (file:///D:/PROYECTOS-PERSONALES/Back-Base-NodeJS/src/controllers/audit.controller.js:160:13)
    at process.processTicksAndRejections (node:internal/process/task_queues:105:5)]
[2025-11-30 16:45:19]::[error]::[Error global no manejado]::[{"service":"backend-base","error":"action is not defined","url":"/api/v1/logs/audit-logs","method":"GET","userId":"cmijcco5s0000four2fpel2bi"}]::[
ReferenceError: action is not defined
    at getAuditLogs (file:///D:/PROYECTOS-PERSONALES/Back-Base-NodeJS/src/controllers/audit.controller.js:160:13)
    at process.processTicksAndRejections (node:internal/process/task_queues:105:5)]
[2025-11-30 16:45:19]::[error]::[Error global no manejado]::[{"service":"backend-base","error":"action is not defined","url":"/api/v1/logs/audit-logs","method":"GET","userId":"cmijcco5s0000four2fpel2bi"}]::[
ReferenceError: action is not defined
    at getAuditLogs (file:///D:/PROYECTOS-PERSONALES/Back-Base-NodeJS/src/controllers/audit.controller.js:160:13)
    at process.processTicksAndRejections (node:internal/process/task_queues:105:5)]
[2025-11-30 16:45:19]::[error]::[Error global no manejado]::[{"service":"backend-base","error":"action is not defined","url":"/api/v1/logs/audit-logs","method":"GET","userId":"cmijcco5s0000four2fpel2bi"}]::[
ReferenceError: action is not defined
    at getAuditLogs (file:///D:/PROYECTOS-PERSONALES/Back-Base-NodeJS/src/controllers/audit.controller.js:160:13)
    at process.processTicksAndRejections (node:internal/process/task_queues:105:5)]
[2025-11-30 16:45:20]::[error]::[Error global no manejado]::[{"service":"backend-base","error":"action is not defined","url":"/api/v1/logs/audit-logs","method":"GET","userId":"cmijcco5s0000four2fpel2bi"}]::[
ReferenceError: action is not defined
    at getAuditLogs (file:///D:/PROYECTOS-PERSONALES/Back-Base-NodeJS/src/controllers/audit.controller.js:160:13)
    at process.processTicksAndRejections (node:internal/process/task_queues:105:5)]
[2025-11-30 16:45:20]::[error]::[Error global no manejado]::[{"service":"backend-base","error":"action is not defined","url":"/api/v1/logs/audit-logs","method":"GET","userId":"cmijcco5s0000four2fpel2bi"}]::[
ReferenceError: action is not defined
    at getAuditLogs (file:///D:/PROYECTOS-PERSONALES/Back-Base-NodeJS/src/controllers/audit.controller.js:160:13)
    at process.processTicksAndRejections (node:internal/process/task_queues:105:5)]
[2025-11-30 16:45:20]::[error]::[Error global no manejado]::[{"service":"backend-base","error":"action is not defined","url":"/api/v1/logs/audit-logs","method":"GET","userId":"cmijcco5s0000four2fpel2bi"}]::[
ReferenceError: action is not defined
    at getAuditLogs (file:///D:/PROYECTOS-PERSONALES/Back-Base-NodeJS/src/controllers/audit.controller.js:160:13)
    at process.processTicksAndRejections (node:internal/process/task_queues:105:5)]
[2025-11-30 16:51:18]::[info]::[Lista de logs de auditoría obtenida exitosamente]::[{"service":"backend-base","action":"all","entity":"all","entityId":"none","userId":"none","userIp":"127.0.0.1","userAgent":"Thunder Client (https://www.thunderclient.com)","requestedBy":"cmijcco5s0000four2fpel2bi","totalLogs":0,"page":1,"limit":50,"filtersApplied":0}]
[2025-11-30 16:52:30]::[info]::[Lista de logs de auditoría obtenida exitosamente]::[{"service":"backend-base","action":"all","entity":"all","entityId":"none","userId":"none","userIp":"127.0.0.1","userAgent":"Thunder Client (https://www.thunderclient.com)","requestedBy":"cmijcco5s0000four2fpel2bi","totalLogs":0,"page":1,"limit":50,"filtersApplied":0}]
[2025-11-30 16:53:59]::[info]::[Lista de logs de auditoría obtenida exitosamente]::[{"service":"backend-base","action":"all","entity":"all","entityId":"none","userId":"none","userIp":"127.0.0.1","userAgent":"Thunder Client (https://www.thunderclient.com)","requestedBy":"cmijcco5s0000four2fpel2bi","totalLogs":0,"page":1,"limit":50,"filtersApplied":0}]
[2025-11-30 16:54:44]::[error]::[Error global no manejado]::[{"service":"backend-base","error":"err is not defined","url":"/api/v1/logs/system-logs","method":"GET","userId":"cmijcco5s0000four2fpel2bi"}]::[
ReferenceError: err is not defined
    at getSystemLogs (file:///D:/PROYECTOS-PERSONALES/Back-Base-NodeJS/src/controllers/audit.controller.js:303:20)
    at process.processTicksAndRejections (node:internal/process/task_queues:105:5)]
[2025-11-30 16:55:03]::[error]::[Error global no manejado]::[{"service":"backend-base","error":"action is not defined","url":"/api/v1/logs/system-logs","method":"GET","userId":"cmijcco5s0000four2fpel2bi"}]::[
ReferenceError: action is not defined
    at getSystemLogs (file:///D:/PROYECTOS-PERSONALES/Back-Base-NodeJS/src/controllers/audit.controller.js:304:13)
    at process.processTicksAndRejections (node:internal/process/task_queues:105:5)]
[2025-11-30 16:57:25]::[error]::[Error global no manejado]::[{"service":"backend-base","error":"logContext is not defined","url":"/api/v1/logs/system-logs","method":"GET","userId":"cmijcco5s0000four2fpel2bi"}]::[
ReferenceError: logContext is not defined
    at getSystemLogs (file:///D:/PROYECTOS-PERSONALES/Back-Base-NodeJS/src/controllers/audit.controller.js:312:15)
    at Layer.handleRequest (D:\PROYECTOS-PERSONALES\Back-Base-NodeJS\node_modules\router\lib\layer.js:152:17)
    at next (D:\PROYECTOS-PERSONALES\Back-Base-NodeJS\node_modules\router\lib\route.js:157:13)
    at file:///D:/PROYECTOS-PERSONALES/Back-Base-NodeJS/src/config/accessControl.js:239:7
    at Layer.handleRequest (D:\PROYECTOS-PERSONALES\Back-Base-NodeJS\node_modules\router\lib\layer.js:152:17)
    at next (D:\PROYECTOS-PERSONALES\Back-Base-NodeJS\node_modules\router\lib\route.js:157:13)
    at Route.dispatch (D:\PROYECTOS-PERSONALES\Back-Base-NodeJS\node_modules\router\lib\route.js:117:3)
    at handle (D:\PROYECTOS-PERSONALES\Back-Base-NodeJS\node_modules\router\index.js:435:11)
    at Layer.handleRequest (D:\PROYECTOS-PERSONALES\Back-Base-NodeJS\node_modules\router\lib\layer.js:152:17)
    at D:\PROYECTOS-PERSONALES\Back-Base-NodeJS\node_modules\router\index.js:295:15]
[2025-11-30 16:58:35]::[info]::[lista de logs de auditorias del sistema]::[{"service":"backend-base","action":"all","entity":"all","userId":"none","userIp":"127.0.0.1","userAgent":"Thunder Client (https://www.thunderclient.com)","requestedBy":"cmijcco5s0000four2fpel2bi","totalLogs":117,"filtersApplied":0}]
[2025-11-30 16:59:28]::[info]::[lista de logs de auditorias del sistema]::[{"service":"backend-base","action":"all","entity":"all","userId":"none","userIp":"127.0.0.1","userAgent":"Thunder Client (https://www.thunderclient.com)","requestedBy":"cmijcco5s0000four2fpel2bi","totalLogs":119,"filtersApplied":0}]
[2025-11-30 17:00:05]::[info]::[lista de estadisticas de logs de auditoria]::[{"service":"backend-base","period":"7 days","levelStats":[{"_count":{"_all":92},"level":"AUDIT"},{"_count":{"_all":13},"level":"ERROR"},{"_count":{"_all":15},"level":"INFO"},{"_count":{"_all":1},"level":"WARN"}],"actionStats":[],"entityStats":[]}]
[2025-11-30 17:03:36]::[info]::[lista de estadisticas de logs de auditoria]::[{"service":"backend-base","period":"7 days","levelStats":[{"level":"AUDIT","total":94},{"level":"ERROR","total":13},{"level":"INFO","total":16},{"level":"WARN","total":1}],"actionStats":[],"entityStats":[]}]
[2025-11-30 20:35:51]::[info]::[Usuario logueado exitosamente]::[{"service":"backend-base","userId":"cmijcco5s0000four2fpel2bi","action":"LOGIN","email":"qa@lsv-tech.com","userIp":"127.0.0.1"}]
[2025-11-30 20:40:35]::[info]::[🔄 Inicializando cliente Redis...]::[{"service":"backend-base","host":"localhost","port":6379,"db":0}]
[2025-11-30 20:41:03]::[error]::[Error global no manejado]::[{"service":"backend-base","error":"page is not defined","url":"/api/v1/data/users","method":"GET","userId":"cmijcco5s0000four2fpel2bi"}]::[
ReferenceError: page is not defined
    at getUsers (file:///D:/PROYECTOS-PERSONALES/Back-Base-NodeJS/src/controllers/user.controller.js:75:13)
    at process.processTicksAndRejections (node:internal/process/task_queues:105:5)]
[2025-11-30 20:41:37]::[info]::[🔄 Inicializando cliente Redis...]::[{"service":"backend-base","host":"localhost","port":6379,"db":0}]
[2025-11-30 20:41:41]::[info]::[🔄 Inicializando cliente Redis...]::[{"service":"backend-base","host":"localhost","port":6379,"db":0}]
[2025-11-30 20:41:44]::[info]::[🔄 Inicializando cliente Redis...]::[{"service":"backend-base","host":"localhost","port":6379,"db":0}]
[2025-11-30 20:41:47]::[error]::[Error global no manejado: page is not defined]::[{"service":"backend-base","error":"page is not defined","url":"/api/v1/data/users","method":"GET","userId":"cmijcco5s0000four2fpel2bi"}]::[
ReferenceError: page is not defined
    at getUsers (file:///D:/PROYECTOS-PERSONALES/Back-Base-NodeJS/src/controllers/user.controller.js:75:13)
    at process.processTicksAndRejections (node:internal/process/task_queues:105:5)]
[2025-11-30 20:42:02]::[info]::[🔄 Inicializando cliente Redis...]::[{"service":"backend-base","host":"localhost","port":6379,"db":0}]
[2025-11-30 20:42:03]::[info]::[🔄 Inicializando cliente Redis...]::[{"service":"backend-base","host":"localhost","port":6379,"db":0}]
[2025-11-30 20:42:30]::[info]::[🔄 Inicializando cliente Redis...]::[{"service":"backend-base","host":"localhost","port":6379,"db":0}]
[2025-11-30 20:42:33]::[error]::[Error obteniendo lista de usuarios]::[{"service":"backend-base","error":"where is not defined"}]
[2025-11-30 20:43:29]::[info]::[🔄 Inicializando cliente Redis...]::[{"service":"backend-base","host":"localhost","port":6379,"db":0}]
[2025-11-30 20:43:39]::[info]::[🔄 Inicializando cliente Redis...]::[{"service":"backend-base","host":"localhost","port":6379,"db":0}]
[2025-11-30 20:43:41]::[info]::[🔄 Inicializando cliente Redis...]::[{"service":"backend-base","host":"localhost","port":6379,"db":0}]
[2025-11-30 20:43:47]::[info]::[🔄 Inicializando cliente Redis...]::[{"service":"backend-base","host":"localhost","port":6379,"db":0}]
[2025-11-30 20:44:01]::[info]::[🔄 Inicializando cliente Redis...]::[{"service":"backend-base","host":"localhost","port":6379,"db":0}]
[2025-11-30 20:44:07]::[info]::[🔄 Inicializando cliente Redis...]::[{"service":"backend-base","host":"localhost","port":6379,"db":0}]
[2025-11-30 20:44:08]::[info]::[🔄 Inicializando cliente Redis...]::[{"service":"backend-base","host":"localhost","port":6379,"db":0}]
[2025-11-30 20:44:39]::[info]::[🔄 Inicializando cliente Redis...]::[{"service":"backend-base","host":"localhost","port":6379,"db":0}]
[2025-11-30 20:44:41]::[info]::[🔄 Inicializando cliente Redis...]::[{"service":"backend-base","host":"localhost","port":6379,"db":0}]
[2025-11-30 20:44:52]::[info]::[🔄 Inicializando cliente Redis...]::[{"service":"backend-base","host":"localhost","port":6379,"db":0}]
[2025-11-30 20:45:03]::[info]::[🔄 Inicializando cliente Redis...]::[{"service":"backend-base","host":"localhost","port":6379,"db":0}]
[2025-11-30 20:45:14]::[info]::[🔄 Inicializando cliente Redis...]::[{"service":"backend-base","host":"localhost","port":6379,"db":0}]
[2025-11-30 20:45:16]::[info]::[🔄 Inicializando cliente Redis...]::[{"service":"backend-base","host":"localhost","port":6379,"db":0}]
[2025-11-30 20:45:18]::[info]::[🔄 Inicializando cliente Redis...]::[{"service":"backend-base","host":"localhost","port":6379,"db":0}]
[2025-11-30 20:45:23]::[info]::[🔄 Inicializando cliente Redis...]::[{"service":"backend-base","host":"localhost","port":6379,"db":0}]
[2025-11-30 20:45:29]::[info]::[🔄 Inicializando cliente Redis...]::[{"service":"backend-base","host":"localhost","port":6379,"db":0}]
[2025-11-30 20:45:52]::[info]::[🔄 Inicializando cliente Redis...]::[{"service":"backend-base","host":"localhost","port":6379,"db":0}]
[2025-11-30 20:45:59]::[info]::[🔄 Inicializando cliente Redis...]::[{"service":"backend-base","host":"localhost","port":6379,"db":0}]
[2025-11-30 20:46:01]::[info]::[🔄 Inicializando cliente Redis...]::[{"service":"backend-base","host":"localhost","port":6379,"db":0}]
[2025-11-30 20:46:05]::[info]::[🔄 Inicializando cliente Redis...]::[{"service":"backend-base","host":"localhost","port":6379,"db":0}]
[2025-11-30 20:46:08]::[info]::[🔄 Inicializando cliente Redis...]::[{"service":"backend-base","host":"localhost","port":6379,"db":0}]
[2025-11-30 20:46:20]::[info]::[🔄 Inicializando cliente Redis...]::[{"service":"backend-base","host":"localhost","port":6379,"db":0}]
[2025-11-30 20:46:25]::[info]::[🔄 Inicializando cliente Redis...]::[{"service":"backend-base","host":"localhost","port":6379,"db":0}]
[2025-11-30 20:47:33]::[info]::[🔄 Inicializando cliente Redis...]::[{"service":"backend-base","host":"localhost","port":6379,"db":0}]
[2025-11-30 20:53:12]::[info]::[🔄 Inicializando cliente Redis...]::[{"service":"backend-base","host":"localhost","port":6379,"db":0}]
[2025-11-30 20:53:17]::[info]::[🔄 Inicializando cliente Redis...]::[{"service":"backend-base","host":"localhost","port":6379,"db":"cacheDB"}]
[2025-11-30 20:53:23]::[info]::[🔄 Inicializando cliente Redis...]::[{"service":"backend-base","host":"localhost","port":"6379","db":"cacheDB"}]
[2025-11-30 21:00:18]::[info]::[🔄 Inicializando cliente Redis...]::[{"service":"backend-base","host":"localhost","port":"6379","db":"cacheDB"}]
[2025-11-30 21:01:01]::[info]::[🔄 Inicializando cliente Redis...]::[{"service":"backend-base","host":"localhost","port":"6379","db":"cacheDB"}]
[2025-11-30 21:01:33]::[info]::[🔄 Inicializando cliente Redis...]::[{"service":"backend-base","host":"localhost","port":"6379","db":"cacheDB"}]
[2025-11-30 21:01:40]::[info]::[🔄 Inicializando cliente Redis...]::[{"service":"backend-base","host":"localhost","port":"6379","db":"cacheDB"}]
[2025-11-30 21:02:00]::[info]::[🔄 Inicializando cliente Redis...]::[{"service":"backend-base","host":"localhost","port":"6379","db":"cacheDB"}]
[2025-11-30 21:02:08]::[info]::[🔄 Inicializando cliente Redis...]::[{"service":"backend-base","host":"localhost","port":"6379","db":"cacheDB"}]
[2025-11-30 21:02:12]::[info]::[🔄 Inicializando cliente Redis...]::[{"service":"backend-base","host":"localhost","port":"6379","db":"cacheDB"}]
[2025-11-30 21:03:09]::[info]::[🔄 Inicializando cliente Redis...]::[{"service":"backend-base","host":"localhost","port":"6379","db":"cacheDB"}]
[2025-11-30 21:03:11]::[info]::[🔄 Inicializando cliente Redis...]::[{"service":"backend-base","host":"localhost","port":"6379","db":"cacheDB"}]
[2025-11-30 21:03:12]::[info]::[🔄 Inicializando cliente Redis...]::[{"service":"backend-base","host":"localhost","port":"6379","db":"cacheDB"}]
[2025-11-30 21:03:21]::[info]::[🔄 Inicializando cliente Redis...]::[{"service":"backend-base","host":"localhost","port":"6379","db":"cacheDB"}]
[2025-11-30 21:03:28]::[info]::[🔄 Inicializando cliente Redis...]::[{"service":"backend-base","host":"localhost","port":"6379","db":"cacheDB"}]
[2025-11-30 21:03:33]::[info]::[🔄 Inicializando cliente Redis...]::[{"service":"backend-base","host":"localhost","port":"6379","db":"cacheDB"}]
[2025-11-30 21:04:06]::[info]::[🔄 Inicializando cliente Redis...]::[{"service":"backend-base","host":"localhost","port":"6379","db":"cacheDB"}]
[2025-11-30 21:04:44]::[info]::[🔄 Inicializando cliente Redis...]::[{"service":"backend-base","host":"localhost","port":"6379","db":"cacheDB"}]
[2025-11-30 21:05:17]::[info]::[🔄 Inicializando cliente Redis...]::[{"service":"backend-base","host":"localhost","port":"6379","db":"cacheDB"}]
[2025-11-30 21:08:43]::[info]::[🔄 Inicializando cliente Redis...]::[{"service":"backend-base","host":"localhost","port":"6379","db":"cacheDB"}]
[2025-11-30 21:08:43]::[error]::[Error conectando a Redis]::[{"service":"backend-base","error":"Redis is already connecting/connected"}]
[2025-11-30 21:08:43]::[info]::[✅ Conectado a Redis]::[{"service":"backend-base","host":"localhost","port":"6379","db":"cacheDB"}]
[2025-11-30 21:08:43]::[info]::[🚀 Redis listo para recibir comandos]::[{"service":"backend-base"}]
[2025-11-30 21:11:46]::[info]::[🔄 Inicializando cliente Redis...]::[{"service":"backend-base","host":"localhost","port":6379,"db":0}]
[2025-11-30 21:11:46]::[error]::[Error conectando a Redis]::[{"service":"backend-base","error":"Redis is already connecting/connected"}]
[2025-11-30 21:11:46]::[info]::[✅ Conectado a Redis]::[{"service":"backend-base","host":"localhost","port":6379,"db":0}]
[2025-11-30 21:11:46]::[info]::[🚀 Redis listo para recibir comandos]::[{"service":"backend-base"}]
[2025-11-30 21:11:52]::[info]::[🔄 Inicializando cliente Redis...]::[{"service":"backend-base","host":"localhost","port":"6379","db":0}]
[2025-11-30 21:11:52]::[error]::[Error conectando a Redis]::[{"service":"backend-base","error":"Redis is already connecting/connected"}]
[2025-11-30 21:11:52]::[info]::[✅ Conectado a Redis]::[{"service":"backend-base","host":"localhost","port":"6379","db":0}]
[2025-11-30 21:11:52]::[info]::[🚀 Redis listo para recibir comandos]::[{"service":"backend-base"}]
[2025-11-30 21:12:03]::[info]::[Usuario logueado exitosamente]::[{"service":"backend-base","userId":"cmijcco5s0000four2fpel2bi","action":"LOGIN","email":"qa@lsv-tech.com","userIp":"127.0.0.1"}]
[2025-11-30 21:17:10]::[info]::[🔄 Inicializando cliente Redis...]::[{"service":"backend-base","host":"localhost","port":"6379","db":0}]
[2025-11-30 21:17:10]::[error]::[Error conectando a Redis]::[{"service":"backend-base","error":"Redis is already connecting/connected"}]
[2025-11-30 21:17:10]::[info]::[✅ Conectado a Redis]::[{"service":"backend-base","host":"localhost","port":"6379","db":0}]
[2025-11-30 21:17:10]::[error]::[❌ Error de Redis]::[{"service":"backend-base","error":"WRONGPASS invalid username-password pair or user is disabled.","host":"localhost","port":"6379"}]
[2025-11-30 21:17:10]::[warn]::[🔄 Reintentando conexión a Redis (intento 1)]::[{"service":"backend-base","delay":100,"host":"localhost"}]
[2025-11-30 21:17:10]::[warn]::[🔌 Conexión a Redis cerrada]::[{"service":"backend-base"}]
[2025-11-30 21:17:10]::[warn]::[🔄 Reconectando a Redis]::[{"service":"backend-base","delay":100,"attempt":2}]
[2025-11-30 21:17:10]::[info]::[✅ Conectado a Redis]::[{"service":"backend-base","host":"localhost","port":"6379","db":0}]
[2025-11-30 21:17:10]::[error]::[❌ Error de Redis]::[{"service":"backend-base","error":"WRONGPASS invalid username-password pair or user is disabled.","host":"localhost","port":"6379"}]
[2025-11-30 21:17:10]::[warn]::[🔄 Reintentando conexión a Redis (intento 2)]::[{"service":"backend-base","delay":200,"host":"localhost"}]
[2025-11-30 21:17:10]::[warn]::[🔌 Conexión a Redis cerrada]::[{"service":"backend-base"}]
[2025-11-30 21:17:10]::[warn]::[🔄 Reconectando a Redis]::[{"service":"backend-base","delay":200,"attempt":3}]
[2025-11-30 21:17:11]::[info]::[✅ Conectado a Redis]::[{"service":"backend-base","host":"localhost","port":"6379","db":0}]
[2025-11-30 21:17:11]::[error]::[❌ Error de Redis]::[{"service":"backend-base","error":"WRONGPASS invalid username-password pair or user is disabled.","host":"localhost","port":"6379"}]
[2025-11-30 21:17:11]::[warn]::[🔄 Reintentando conexión a Redis (intento 3)]::[{"service":"backend-base","delay":300,"host":"localhost"}]
[2025-11-30 21:17:11]::[warn]::[🔌 Conexión a Redis cerrada]::[{"service":"backend-base"}]
[2025-11-30 21:17:11]::[warn]::[🔄 Reconectando a Redis]::[{"service":"backend-base","delay":300,"attempt":4}]
[2025-11-30 21:17:11]::[info]::[✅ Conectado a Redis]::[{"service":"backend-base","host":"localhost","port":"6379","db":0}]
[2025-11-30 21:17:11]::[error]::[❌ Error de Redis]::[{"service":"backend-base","error":"WRONGPASS invalid username-password pair or user is disabled.","host":"localhost","port":"6379"}]
[2025-11-30 21:17:11]::[error]::[❌ Demasiados intentos de conexión a Redis]::[{"service":"backend-base","attempts":4,"host":"localhost","port":"6379"}]
[2025-11-30 21:17:11]::[warn]::[🔌 Conexión a Redis cerrada]::[{"service":"backend-base"}]
[2025-11-30 21:17:11]::[warn]::[🔚 Conexión a Redis finalizada]::[{"service":"backend-base"}]
[2025-11-30 21:18:24]::[info]::[🔄 Inicializando cliente Redis...]::[{"service":"backend-base","host":"localhost","port":"6379","db":0}]
[2025-11-30 21:18:24]::[error]::[Error conectando a Redis]::[{"service":"backend-base","error":"Redis is already connecting/connected"}]
[2025-11-30 21:18:24]::[info]::[✅ Conectado a Redis]::[{"service":"backend-base","host":"localhost","port":"6379","db":0}]
[2025-11-30 21:18:24]::[error]::[❌ Error de Redis]::[{"service":"backend-base","error":"WRONGPASS invalid username-password pair or user is disabled.","host":"localhost","port":"6379"}]
[2025-11-30 21:18:24]::[warn]::[🔄 Reintentando conexión a Redis (intento 1)]::[{"service":"backend-base","delay":100,"host":"localhost"}]
[2025-11-30 21:18:24]::[warn]::[🔌 Conexión a Redis cerrada]::[{"service":"backend-base"}]
[2025-11-30 21:18:24]::[warn]::[🔄 Reconectando a Redis]::[{"service":"backend-base","delay":100,"attempt":2}]
[2025-11-30 21:18:24]::[info]::[✅ Conectado a Redis]::[{"service":"backend-base","host":"localhost","port":"6379","db":0}]
[2025-11-30 21:18:24]::[error]::[❌ Error de Redis]::[{"service":"backend-base","error":"WRONGPASS invalid username-password pair or user is disabled.","host":"localhost","port":"6379"}]
[2025-11-30 21:18:24]::[warn]::[🔄 Reintentando conexión a Redis (intento 2)]::[{"service":"backend-base","delay":200,"host":"localhost"}]
[2025-11-30 21:18:24]::[warn]::[🔌 Conexión a Redis cerrada]::[{"service":"backend-base"}]
[2025-11-30 21:18:24]::[warn]::[🔄 Reconectando a Redis]::[{"service":"backend-base","delay":200,"attempt":3}]
[2025-11-30 21:18:24]::[info]::[✅ Conectado a Redis]::[{"service":"backend-base","host":"localhost","port":"6379","db":0}]
[2025-11-30 21:18:24]::[error]::[❌ Error de Redis]::[{"service":"backend-base","error":"WRONGPASS invalid username-password pair or user is disabled.","host":"localhost","port":"6379"}]
[2025-11-30 21:18:24]::[warn]::[🔄 Reintentando conexión a Redis (intento 3)]::[{"service":"backend-base","delay":300,"host":"localhost"}]
[2025-11-30 21:18:24]::[warn]::[🔌 Conexión a Redis cerrada]::[{"service":"backend-base"}]
[2025-11-30 21:18:24]::[warn]::[🔄 Reconectando a Redis]::[{"service":"backend-base","delay":300,"attempt":4}]
[2025-11-30 21:18:25]::[info]::[✅ Conectado a Redis]::[{"service":"backend-base","host":"localhost","port":"6379","db":0}]
[2025-11-30 21:18:25]::[error]::[❌ Error de Redis]::[{"service":"backend-base","error":"WRONGPASS invalid username-password pair or user is disabled.","host":"localhost","port":"6379"}]
[2025-11-30 21:18:25]::[error]::[❌ Demasiados intentos de conexión a Redis]::[{"service":"backend-base","attempts":4,"host":"localhost","port":"6379"}]
[2025-11-30 21:18:25]::[warn]::[🔌 Conexión a Redis cerrada]::[{"service":"backend-base"}]
[2025-11-30 21:18:25]::[warn]::[🔚 Conexión a Redis finalizada]::[{"service":"backend-base"}]
[2025-11-30 21:18:43]::[info]::[🔄 Inicializando cliente Redis...]::[{"service":"backend-base","host":"localhost","port":"6379","db":0}]
[2025-11-30 21:18:43]::[error]::[Error conectando a Redis]::[{"service":"backend-base","error":"Redis is already connecting/connected"}]
[2025-11-30 21:18:43]::[info]::[✅ Conectado a Redis]::[{"service":"backend-base","host":"localhost","port":"6379","db":0}]
[2025-11-30 21:18:43]::[info]::[🚀 Redis listo para recibir comandos]::[{"service":"backend-base"}]
[2025-11-30 21:19:12]::[info]::[🔄 Inicializando cliente Redis...]::[{"service":"backend-base","host":"localhost","port":"6379","db":0}]
[2025-11-30 21:19:12]::[error]::[Error conectando a Redis]::[{"service":"backend-base","error":"Redis is already connecting/connected"}]
[2025-11-30 21:19:12]::[info]::[✅ Conectado a Redis]::[{"service":"backend-base","host":"localhost","port":"6379","db":0}]
[2025-11-30 21:19:12]::[info]::[🚀 Redis listo para recibir comandos]::[{"service":"backend-base"}]
